<?xml version="1.0" encoding="UTF-8"?>
<!-- Generated by org.testng.reporters.JUnitXMLReporter -->
<testsuite ignored="0" hostname="5CD93439TM" failures="1" tests="2" name="Command line test" time="17.476" errors="0" timestamp="2021-11-26T12:45:01 IST">
  <testcase classname="com.test.LoginTest" name="freeCrmTitlesTest" time="0.028">
    <failure type="java.lang.AssertionError" message="expected [Free CRM  - CRM software for customer relationship management, sales, and support.] but found [Free CRM - CRM software for customer relationship management, sales, and support.]">
      <![CDATA[java.lang.AssertionError: expected [Free CRM  - CRM software for customer relationship management, sales, and support.] but found [Free CRM - CRM software for customer relationship management, sales, and support.]
at com.test.LoginTest.freeCrmTitlesTest(LoginTest.java:39)
at java.base/java.util.ArrayList.forEach(ArrayList.java:1541)
... Removed 42 stack frames]]>
    </failure>
  </testcase> <!-- freeCrmTitlesTest -->
  <testcase classname="com.test.LoginTest" name="freeCRMLogoTest" time="0.07"/>
</testsuite> <!-- Command line test -->
